<?xml version="1.0" encoding="UTF-8"?>
<!-- Generated by org.testng.reporters.JUnitReportReporter -->
<testsuite hostname="MacBook-Pro.local" failures="0" tests="3" name="p1.RestApiTest" time="0.000" errors="0" timestamp="2022-05-18T17:13:35 IST" skipped="0">
  <testcase classname="p1.RestApiTest" name="testDeleteTweetApi" time="0.000"/>
  <system-out/>
  <testcase classname="p1.RestApiTest" name="testTweetPostApi" time="0.000"/>
  <system-out/>
  <testcase classname="p1.RestApiTest" name="testTwitterLoginApi" time="0.000"/>
  <system-out/>
</testsuite> <!-- p1.RestApiTest -->
