<?xml version="1.0" encoding="UTF-8"?>
<!-- Generated by org.testng.reporters.JUnitReportReporter -->
<testsuite hostname="MacBook-Pro.local" failures="0" tests="3" name="p1.SeleniumTest" time="0.000" errors="0" timestamp="2022-05-18T17:13:35 IST" skipped="0">
  <testcase classname="p1.SeleniumTest" name="testAmountTransfer" time="0.000"/>
  <system-out/>
  <testcase classname="p1.SeleniumTest" name="testBankAccountLogout" time="0.000"/>
  <system-out/>
  <testcase classname="p1.SeleniumTest" name="loginToBankAccount" time="0.000"/>
  <system-out/>
</testsuite> <!-- p1.SeleniumTest -->
