<?xml version="1.0" encoding="UTF-8"?>
<!-- Generated by org.testng.reporters.JUnitReportReporter -->
<testsuite hostname="MacBook-Pro.local" failures="0" tests="3" name="p1.AppiumTest" time="0.003" errors="0" timestamp="2022-05-18T17:13:35 IST" skipped="0">
  <testcase classname="p1.AppiumTest" name="createSession" time="0.003"/>
  <system-out/>
  <testcase classname="p1.AppiumTest" name="testMobileLogout" time="0.000"/>
  <system-out/>
  <testcase classname="p1.AppiumTest" name="testMobileLogin" time="0.000"/>
  <system-out/>
</testsuite> <!-- p1.AppiumTest -->
